Space Type: RealVectorSpaceFCL Type
Space dimension: 2
Planner type:	RRTConnect
Tree: start
q: (-1.5708       0); parent q: NONE
q: ( -1.61567 -0.194901); parent q: (-1.5708       0)
q: ( -1.44085 -0.152031); parent q: (-1.5708       0)
q: ( -1.46295 -0.324043); parent q: ( -1.61567 -0.194901)
q: ( -1.24129 -0.165346); parent q: ( -1.44085 -0.152031)
q: ( -1.24129 -0.165346); parent q: ( -1.44085 -0.152031)
q: ( -1.04174 -0.178661); parent q: ( -1.24129 -0.165346)
q: ( -1.04174 -0.178661); parent q: ( -1.24129 -0.165346)
q: (-0.842179 -0.191975); parent q: ( -1.04174 -0.178661)
q: (-0.842179 -0.191975); parent q: ( -1.04174 -0.178661)
q: (-0.642623  -0.20529); parent q: (-0.842179 -0.191975)
q: (-0.642623  -0.20529); parent q: (-0.842179 -0.191975)
q: (-0.443067 -0.218605); parent q: (-0.642623  -0.20529)
q: (-0.443067 -0.218605); parent q: (-0.642623  -0.20529)
q: (-0.24351 -0.23192); parent q: (-0.443067 -0.218605)
q: (-0.24351 -0.23192); parent q: (-0.443067 -0.218605)
q: (-1.42563 -0.52053); parent q: ( -1.46295 -0.324043)
q: ( -1.57964 -0.486474); parent q: ( -1.46295 -0.324043)
q: ( -1.80706 -0.252942); parent q: ( -1.61567 -0.194901)
q: ( -1.45928 -0.717679); parent q: (-1.42563 -0.52053)
q: ( -1.99934 -0.307987); parent q: ( -1.80706 -0.252942)
q: (-1.98638 -0.34151); parent q: ( -1.80706 -0.252942)
q: ( -2.15623 -0.432028); parent q: ( -1.99934 -0.307987)
q: (  -2.1535 -0.451377); parent q: (-1.98638 -0.34151)
q: ( -2.34863 -0.486612); parent q: ( -2.15623 -0.432028)
q: ( -2.33704 -0.346545); parent q: ( -2.15623 -0.432028)
q: ( -2.44247 -0.663234); parent q: ( -2.34863 -0.486612)
q: (-2.53176 -0.56702); parent q: ( -2.34863 -0.486612)
q: ( -1.61584 -0.394901); parent q: ( -1.61567 -0.194901)
q: (-1.35577 -0.88881); parent q: ( -1.45928 -0.717679)
q: ( -2.06515 -0.119126); parent q: ( -1.99934 -0.307987)
q: ( -2.73076 -0.587006); parent q: (-2.53176 -0.56702)
q: (-1.30494 -1.08224); parent q: (-1.35577 -0.88881)
q: ( -2.92451 -0.636602); parent q: ( -2.73076 -0.587006)
q: (  -2.9174 -0.658878); parent q: ( -2.73076 -0.587006)
q: ( -3.07663 -0.506762); parent q: ( -2.92451 -0.636602)
q: ( -3.12451 -0.637128); parent q: ( -2.92451 -0.636602)
q: ( -3.08885 -0.307136); parent q: ( -3.07663 -0.506762)
q: (-1.22076 -1.26366); parent q: (-1.30494 -1.08224)
q: (-1.35172 -1.27669); parent q: (-1.30494 -1.08224)
q: (-1.20334  -1.4629); parent q: (-1.22076 -1.26366)
q: (-1.17533 -1.45844); parent q: (-1.22076 -1.26366)
q: (-1.11635   -1.643); parent q: (-1.20334  -1.4629)
q: (-1.17795 -1.66129); parent q: (-1.20334  -1.4629)
q: (-1.10534 -1.84269); parent q: (-1.11635   -1.643)
q: ( -3.21505 -0.815462); parent q: ( -3.12451 -0.637128)
q: ( -3.21791 -0.813978); parent q: ( -3.12451 -0.637128)
q: ( -3.24724 -0.185019); parent q: ( -3.08885 -0.307136)
q: (-1.06063 -2.03763); parent q: (-1.10534 -1.84269)
q: ( -3.37767 -0.934304); parent q: ( -3.21791 -0.813978)
q: (-1.03765 -1.18323); parent q: (-1.22076 -1.26366)
q: ( -3.44507 -0.214429); parent q: ( -3.24724 -0.185019)
q: ( -3.57417 -0.971525); parent q: ( -3.37767 -0.934304)
q: ( -1.39656 -0.512701); parent q: ( -1.46295 -0.324043)
q: (-0.937795  -2.19547); parent q: (-1.06063 -2.03763)
q: (-0.894961  -1.04309); parent q: (-1.03765 -1.18323)
q: (-1.01787 -2.37873); parent q: (-0.937795  -2.19547)
q: (-0.912777   -2.3939); parent q: (-0.937795  -2.19547)
q: (  -3.52796 -0.0324154); parent q: ( -3.44507 -0.214429)
q: ( -1.61196 -0.194939); parent q: ( -1.61584 -0.394901)
q: (-3.77019 -1.01124); parent q: ( -3.57417 -0.971525)
q: (-0.870799  -2.58944); parent q: (-0.912777   -2.3939)
q: (-3.81484 -1.20619); parent q: (-3.77019 -1.01124)
q: ( -3.95696 -0.939699); parent q: (-3.77019 -1.01124)
q: ( -1.0105 -2.73256); parent q: (-0.870799  -2.58944)
q: (-0.716306  -2.35649); parent q: (-0.912777   -2.3939)
q: (-1.10079 -2.91102); parent q: ( -1.0105 -2.73256)
q: (-0.725874  -2.72727); parent q: (-0.870799  -2.58944)
q: (-3.96846 -1.33425); parent q: (-3.81484 -1.20619)
q: (-1.11995  -3.1101); parent q: (-1.10079 -2.91102)
q: (-4.10851 -1.47703); parent q: (-3.96846 -1.33425)
q: ( -3.71352 -0.107045); parent q: (  -3.52796 -0.0324154)
q: (-1.19082 -3.29712); parent q: (-1.11995  -3.1101)
q: (-0.80363 -2.53642); parent q: (-0.716306  -2.35649)
q: (-0.80363 -2.53642); parent q: (-0.716306  -2.35649)
q: (-0.80363 -2.53642); parent q: (-0.716306  -2.35649)
q: (-0.80363 -2.53642); parent q: (-0.716306  -2.35649)
q: (-0.80363 -2.53642); parent q: (-0.716306  -2.35649)
q: (-0.80363 -2.53642); parent q: (-0.716306  -2.35649)
q: (-0.80363 -2.53642); parent q: (-0.716306  -2.35649)
q: (-0.80363 -2.53642); parent q: (-0.716306  -2.35649)
q: (-0.80363 -2.53642); parent q: (-0.716306  -2.35649)
q: (-0.80363 -2.53642); parent q: (-0.716306  -2.35649)
q: (-0.80363 -2.53642); parent q: (-0.716306  -2.35649)
q: (-0.80363 -2.53642); parent q: (-0.716306  -2.35649)
q: (-0.80363 -2.53642); parent q: (-0.716306  -2.35649)
q: (-0.80363 -2.53642); parent q: (-0.716306  -2.35649)
q: (-0.80363 -2.53642); parent q: (-0.716306  -2.35649)
q: (-0.80363 -2.53642); parent q: (-0.716306  -2.35649)
q: (-0.80363 -2.53642); parent q: (-0.716306  -2.35649)
q: (-0.80363 -2.53642); parent q: (-0.716306  -2.35649)
q: (-0.80363 -2.53642); parent q: (-0.716306  -2.35649)
q: (-0.80363 -2.53642); parent q: (-0.716306  -2.35649)
q: (-0.569324  -2.85174); parent q: (-0.725874  -2.72727)
q: (-0.746086  -1.17664); parent q: (-0.894961  -1.04309)
q: (-0.746086  -1.17664); parent q: (-0.894961  -1.04309)
q: (-0.59721 -1.31019); parent q: (-0.746086  -1.17664)
q: (-0.59721 -1.31019); parent q: (-0.746086  -1.17664)
q: (-0.448334  -1.44374); parent q: (-0.59721 -1.31019)
q: (-0.448334  -1.44374); parent q: (-0.59721 -1.31019)
q: (-0.299458  -1.57729); parent q: (-0.448334  -1.44374)
q: (-0.299458  -1.57729); parent q: (-0.448334  -1.44374)
q: (-0.299458  -1.57729); parent q: (-0.448334  -1.44374)
q: (-0.299458  -1.57729); parent q: (-0.448334  -1.44374)
q: (-0.299458  -1.57729); parent q: (-0.448334  -1.44374)
q: (-0.299458  -1.57729); parent q: (-0.448334  -1.44374)
q: (-0.299458  -1.57729); parent q: (-0.448334  -1.44374)
q: (-0.299458  -1.57729); parent q: (-0.448334  -1.44374)
q: (-0.299458  -1.57729); parent q: (-0.448334  -1.44374)
q: (-0.299458  -1.57729); parent q: (-0.448334  -1.44374)
q: (-0.299458  -1.57729); parent q: (-0.448334  -1.44374)
q: (-0.299458  -1.57729); parent q: (-0.448334  -1.44374)
q: (-0.299458  -1.57729); parent q: (-0.448334  -1.44374)
q: (-0.299458  -1.57729); parent q: (-0.448334  -1.44374)
q: (-1.31502 -3.45389); parent q: (-1.19082 -3.29712)
q: (-1.35126 -3.41654); parent q: (-1.19082 -3.29712)
q: (-1.49421 -3.54272); parent q: (-1.31502 -3.45389)
q: (-1.51169 -3.53596); parent q: (-1.35126 -3.41654)
q: (-1.67339 -3.63156); parent q: (-1.49421 -3.54272)
q: (-1.67212 -3.65538); parent q: (-1.51169 -3.53596)
q: (-1.67212 -3.65538); parent q: (-1.51169 -3.53596)
q: (-1.67212 -3.65538); parent q: (-1.51169 -3.53596)
q: (-1.67212 -3.65538); parent q: (-1.51169 -3.53596)
q: (-1.67212 -3.65538); parent q: (-1.51169 -3.53596)
q: (-1.67212 -3.65538); parent q: (-1.51169 -3.53596)
q: (-1.67212 -3.65538); parent q: (-1.51169 -3.53596)
q: (-1.67212 -3.65538); parent q: (-1.51169 -3.53596)
q: (-1.67212 -3.65538); parent q: (-1.51169 -3.53596)
q: (-1.67212 -3.65538); parent q: (-1.51169 -3.53596)
q: (-1.67212 -3.65538); parent q: (-1.51169 -3.53596)
q: (-1.67212 -3.65538); parent q: (-1.51169 -3.53596)
q: (-1.67212 -3.65538); parent q: (-1.51169 -3.53596)
q: (-1.67212 -3.65538); parent q: (-1.51169 -3.53596)
q: (-1.67212 -3.65538); parent q: (-1.51169 -3.53596)
q: (-1.67212 -3.65538); parent q: (-1.51169 -3.53596)
q: (-1.74138 -3.84301); parent q: (-1.67212 -3.65538)
q: (-0.659716  -1.50017); parent q: (-0.59721 -1.31019)
q: (-0.659716  -1.50017); parent q: (-0.59721 -1.31019)
q: (-0.659716  -1.50017); parent q: (-0.59721 -1.31019)
q: (-0.659716  -1.50017); parent q: (-0.59721 -1.31019)
q: (-0.659716  -1.50017); parent q: (-0.59721 -1.31019)
q: (-0.659716  -1.50017); parent q: (-0.59721 -1.31019)
q: (-0.659716  -1.50017); parent q: (-0.59721 -1.31019)
q: (-0.659716  -1.50017); parent q: (-0.59721 -1.31019)
q: (-0.659716  -1.50017); parent q: (-0.59721 -1.31019)
q: (-0.659716  -1.50017); parent q: (-0.59721 -1.31019)
q: (-0.659716  -1.50017); parent q: (-0.59721 -1.31019)
q: (-0.659716  -1.50017); parent q: (-0.59721 -1.31019)
q: (-0.659716  -1.50017); parent q: (-0.59721 -1.31019)
q: (-0.659716  -1.50017); parent q: (-0.59721 -1.31019)
q: (-0.659716  -1.50017); parent q: (-0.59721 -1.31019)
q: (-0.659716  -1.50017); parent q: (-0.59721 -1.31019)
q: (-0.659716  -1.50017); parent q: (-0.59721 -1.31019)
q: (-0.659716  -1.50017); parent q: (-0.59721 -1.31019)
q: (-0.659716  -1.50017); parent q: (-0.59721 -1.31019)
q: (-0.659716  -1.50017); parent q: (-0.59721 -1.31019)
q: (-0.793787 -0.870567); parent q: (-0.894961  -1.04309)
q: (-1.93297 -3.90038); parent q: (-1.74138 -3.84301)
q: (-1.93297 -3.90038); parent q: (-1.74138 -3.84301)
q: (-2.12457 -3.95775); parent q: (-1.93297 -3.90038)
q: (-2.12457 -3.95775); parent q: (-1.93297 -3.90038)
q: (-2.12457 -3.95775); parent q: (-1.93297 -3.90038)
q: (-2.12457 -3.95775); parent q: (-1.93297 -3.90038)
q: (-2.12457 -3.95775); parent q: (-1.93297 -3.90038)
q: (-2.12457 -3.95775); parent q: (-1.93297 -3.90038)
q: (-2.12457 -3.95775); parent q: (-1.93297 -3.90038)
q: (-2.12457 -3.95775); parent q: (-1.93297 -3.90038)
q: (-2.12457 -3.95775); parent q: (-1.93297 -3.90038)
q: (-2.12457 -3.95775); parent q: (-1.93297 -3.90038)
q: (-2.12457 -3.95775); parent q: (-1.93297 -3.90038)
q: (-2.12457 -3.95775); parent q: (-1.93297 -3.90038)
q: (-2.12457 -3.95775); parent q: (-1.93297 -3.90038)
q: (-2.12457 -3.95775); parent q: (-1.93297 -3.90038)
q: (-2.12457 -3.95775); parent q: (-1.93297 -3.90038)
q: (-2.12457 -3.95775); parent q: (-1.93297 -3.90038)
q: (-2.12457 -3.95775); parent q: (-1.93297 -3.90038)
q: (-2.12457 -3.95775); parent q: (-1.93297 -3.90038)
q: (-0.382832  -2.92399); parent q: (-0.569324  -2.85174)
q: ( -2.2333 -4.12561); parent q: (-2.12457 -3.95775)
q: ( -2.2333 -4.12561); parent q: (-2.12457 -3.95775)
q: (-2.12457 -3.95775); parent q: ( -2.2333 -4.12561)
q: (-2.12457 -3.95775); parent q: ( -2.2333 -4.12561)
q: (-2.12457 -3.95775); parent q: ( -2.2333 -4.12561)
q: (-2.12457 -3.95775); parent q: ( -2.2333 -4.12561)
q: (-2.12457 -3.95775); parent q: ( -2.2333 -4.12561)
q: (-2.12457 -3.95775); parent q: ( -2.2333 -4.12561)
q: (-2.12457 -3.95775); parent q: ( -2.2333 -4.12561)
q: (-2.12457 -3.95775); parent q: ( -2.2333 -4.12561)
q: (-2.12457 -3.95775); parent q: ( -2.2333 -4.12561)
q: (-2.12457 -3.95775); parent q: ( -2.2333 -4.12561)
q: (-2.12457 -3.95775); parent q: ( -2.2333 -4.12561)
q: (-2.12457 -3.95775); parent q: ( -2.2333 -4.12561)
q: (-2.12457 -3.95775); parent q: ( -2.2333 -4.12561)
q: (-2.12457 -3.95775); parent q: ( -2.2333 -4.12561)
q: (-2.12457 -3.95775); parent q: ( -2.2333 -4.12561)
q: (-2.12457 -3.95775); parent q: ( -2.2333 -4.12561)
q: (-2.12457 -3.95775); parent q: ( -2.2333 -4.12561)
q: (-2.12457 -3.95775); parent q: ( -2.2333 -4.12561)
q: (-0.19293 -2.86125); parent q: (-0.382832  -2.92399)
q: (-0.946039 -0.740878); parent q: (-0.793787 -0.870567)
q: (-0.946039 -0.740878); parent q: (-0.793787 -0.870567)
q: ( -1.09829 -0.611188); parent q: (-0.946039 -0.740878)
q: ( -1.09829 -0.611188); parent q: (-0.946039 -0.740878)
q: (-0.946039 -0.740878); parent q: ( -1.09829 -0.611188)
q: (-0.946039 -0.740878); parent q: ( -1.09829 -0.611188)
q: (-0.946039 -0.740878); parent q: ( -1.09829 -0.611188)
q: (-0.946039 -0.740878); parent q: ( -1.09829 -0.611188)
q: (-0.946039 -0.740878); parent q: ( -1.09829 -0.611188)
q: (-0.946039 -0.740878); parent q: ( -1.09829 -0.611188)
q: (-0.946039 -0.740878); parent q: ( -1.09829 -0.611188)
q: (-0.946039 -0.740878); parent q: ( -1.09829 -0.611188)
q: (-0.946039 -0.740878); parent q: ( -1.09829 -0.611188)
q: (-0.946039 -0.740878); parent q: ( -1.09829 -0.611188)
q: (-0.946039 -0.740878); parent q: ( -1.09829 -0.611188)
q: (-0.946039 -0.740878); parent q: ( -1.09829 -0.611188)
q: (-0.946039 -0.740878); parent q: ( -1.09829 -0.611188)
q: (-0.946039 -0.740878); parent q: ( -1.09829 -0.611188)
q: (-0.946039 -0.740878); parent q: ( -1.09829 -0.611188)
q: (-0.946039 -0.740878); parent q: ( -1.09829 -0.611188)
q: (-4.30073 -1.53229); parent q: (-4.10851 -1.47703)
q: (-0.0979836   -3.03727); parent q: (-0.19293 -2.86125)
Tree: goal
q: (1.5708      0); parent q: NONE
q: (   1.37117 -0.0122103); parent q: (1.5708      0)
q: (   1.37117 -0.0122103); parent q: (1.5708      0)
q: (   1.17154 -0.0244205); parent q: (   1.37117 -0.0122103)
q: (   1.17154 -0.0244205); parent q: (   1.37117 -0.0122103)
q: (  0.971916 -0.0366308); parent q: (   1.17154 -0.0244205)
q: (  0.971916 -0.0366308); parent q: (   1.17154 -0.0244205)
q: ( 0.772289 -0.048841); parent q: (  0.971916 -0.0366308)
q: ( 0.772289 -0.048841); parent q: (  0.971916 -0.0366308)
q: (  0.572662 -0.0610513); parent q: ( 0.772289 -0.048841)
q: (  0.572662 -0.0610513); parent q: ( 0.772289 -0.048841)
q: (  0.373035 -0.0732615); parent q: (  0.572662 -0.0610513)
q: (  0.373035 -0.0732615); parent q: (  0.572662 -0.0610513)
q: (0.343709  -0.2711); parent q: (  0.373035 -0.0732615)
q: ( 0.326479 -0.267768); parent q: (  0.373035 -0.0732615)
q: (0.318228 -0.46947); parent q: (0.343709  -0.2711)
q: ( 0.316128 -0.469189); parent q: (0.343709  -0.2711)
q: ( 0.293305 -0.667911); parent q: (0.318228 -0.46947)
q: ( 0.222073 -0.645693); parent q: ( 0.316128 -0.469189)
q: ( 0.194992 -0.842079); parent q: ( 0.293305 -0.667911)
q: ( 0.128017 -0.822196); parent q: ( 0.222073 -0.645693)
q: (0.096678 -1.01625); parent q: ( 0.194992 -0.842079)
q: (0.0339619   -0.9987); parent q: ( 0.128017 -0.822196)
q: (-0.0016357   -1.19041); parent q: (0.096678 -1.01625)
q: (-0.0600935    -1.1752); parent q: (0.0339619   -0.9987)
q: (-0.0999494   -1.36458); parent q: (-0.0016357   -1.19041)
q: (-0.154149  -1.35171); parent q: (-0.0600935    -1.1752)
q: (-0.198263  -1.53875); parent q: (-0.0999494   -1.36458)
q: (-0.248204  -1.52821); parent q: (-0.154149  -1.35171)
q: (-0.296577  -1.71292); parent q: (-0.198263  -1.53875)
q: (-0.34226 -1.70472); parent q: (-0.248204  -1.52821)
q: (-0.39489 -1.88709); parent q: (-0.296577  -1.71292)
q: (-0.436315  -1.88122); parent q: (-0.34226 -1.70472)
q: (-0.493204  -2.06125); parent q: (-0.39489 -1.88709)
q: (-0.530371  -2.05772); parent q: (-0.436315  -1.88122)
q: (-0.591518  -2.23542); parent q: (-0.493204  -2.06125)
q: (-0.624426  -2.23423); parent q: (-0.530371  -2.05772)
q: (-0.689831  -2.40959); parent q: (-0.591518  -2.23542)
q: (-0.737149  -2.39943); parent q: (-0.624426  -2.23423)
q: (-0.63724 -2.60255); parent q: (-0.689831  -2.40959)
q: (-0.63724 -2.60255); parent q: (-0.689831  -2.40959)
q: (-0.584648  -2.79551); parent q: (-0.63724 -2.60255)
q: (-0.584648  -2.79551); parent q: (-0.63724 -2.60255)
q: (-0.532056  -2.98847); parent q: (-0.584648  -2.79551)
q: (-0.532056  -2.98847); parent q: (-0.584648  -2.79551)
q: (-0.532056  -2.98847); parent q: (-0.584648  -2.79551)
q: (-0.532056  -2.98847); parent q: (-0.584648  -2.79551)
q: (-0.532056  -2.98847); parent q: (-0.584648  -2.79551)
q: (-0.532056  -2.98847); parent q: (-0.584648  -2.79551)
q: (-0.532056  -2.98847); parent q: (-0.584648  -2.79551)
q: (-0.532056  -2.98847); parent q: (-0.584648  -2.79551)
q: (-0.532056  -2.98847); parent q: (-0.584648  -2.79551)
q: (-0.532056  -2.98847); parent q: (-0.584648  -2.79551)
q: (-0.532056  -2.98847); parent q: (-0.584648  -2.79551)
q: (-0.532056  -2.98847); parent q: (-0.584648  -2.79551)
q: (-0.532056  -2.98847); parent q: (-0.584648  -2.79551)
q: (-0.532056  -2.98847); parent q: (-0.584648  -2.79551)
q: (-0.532056  -2.98847); parent q: (-0.584648  -2.79551)
q: (-0.532056  -2.98847); parent q: (-0.584648  -2.79551)
q: (-0.434702  -1.45597); parent q: (-0.248204  -1.52821)
q: (-0.703976  -3.09067); parent q: (-0.532056  -2.98847)
q: (-0.703976  -3.09067); parent q: (-0.532056  -2.98847)
q: (-0.875896  -3.19286); parent q: (-0.703976  -3.09067)
q: (-0.875896  -3.19286); parent q: (-0.703976  -3.09067)
q: (-1.04782 -3.29506); parent q: (-0.875896  -3.19286)
q: (-1.04782 -3.29506); parent q: (-0.875896  -3.19286)
q: (-1.21974 -3.39725); parent q: (-1.04782 -3.29506)
q: (-1.21974 -3.39725); parent q: (-1.04782 -3.29506)
q: (-1.39166 -3.49944); parent q: (-1.21974 -3.39725)
q: (-1.39166 -3.49944); parent q: (-1.21974 -3.39725)
q: (-1.21974 -3.39725); parent q: (-1.39166 -3.49944)
q: (-1.21974 -3.39725); parent q: (-1.39166 -3.49944)
q: (-1.21974 -3.39725); parent q: (-1.39166 -3.49944)
q: (-1.21974 -3.39725); parent q: (-1.39166 -3.49944)
q: (-1.21974 -3.39725); parent q: (-1.39166 -3.49944)
q: (-1.21974 -3.39725); parent q: (-1.39166 -3.49944)
q: (-1.21974 -3.39725); parent q: (-1.39166 -3.49944)
q: (-1.21974 -3.39725); parent q: (-1.39166 -3.49944)
q: (-1.21974 -3.39725); parent q: (-1.39166 -3.49944)
q: (-1.21974 -3.39725); parent q: (-1.39166 -3.49944)
q: (-1.57375 -3.58216); parent q: (-1.39166 -3.49944)
q: (-1.53433  -3.6396); parent q: (-1.39166 -3.49944)
q: (-1.68187 -3.75041); parent q: (-1.57375 -3.58216)
q: (  -1.677 -3.77976); parent q: (-1.53433  -3.6396)
q: (-1.78999 -3.91867); parent q: (-1.68187 -3.75041)
q: (-1.81967 -3.91992); parent q: (  -1.677 -3.77976)
q: (-1.68187 -3.75041); parent q: (-1.78999 -3.91867)
q: (-1.68187 -3.75041); parent q: (-1.78999 -3.91867)
q: (-1.68187 -3.75041); parent q: (-1.78999 -3.91867)
q: (-1.68187 -3.75041); parent q: (-1.78999 -3.91867)
q: (-1.68187 -3.75041); parent q: (-1.78999 -3.91867)
q: (-1.68187 -3.75041); parent q: (-1.78999 -3.91867)
q: (-1.68187 -3.75041); parent q: (-1.78999 -3.91867)
q: (-1.68187 -3.75041); parent q: (-1.78999 -3.91867)
q: (-1.68187 -3.75041); parent q: (-1.78999 -3.91867)
q: (-1.68187 -3.75041); parent q: (-1.78999 -3.91867)
q: (-1.68187 -3.75041); parent q: (-1.78999 -3.91867)
q: (-1.68187 -3.75041); parent q: (-1.78999 -3.91867)
q: (-1.68187 -3.75041); parent q: (-1.78999 -3.91867)
q: (-1.68187 -3.75041); parent q: (-1.78999 -3.91867)
q: (-1.68187 -3.75041); parent q: (-1.78999 -3.91867)
q: (-0.622937  -1.38839); parent q: (-0.434702  -1.45597)
q: (-0.539276  -1.28549); parent q: (-0.434702  -1.45597)
q: (-0.685602  -1.19846); parent q: (-0.622937  -1.38839)
q: (-0.643849  -1.11501); parent q: (-0.539276  -1.28549)
q: (-0.748268  -1.00853); parent q: (-0.685602  -1.19846)
q: (-0.748423 -0.944523); parent q: (-0.643849  -1.11501)
q: (-0.810933 -0.818601); parent q: (-0.748268  -1.00853)
q: (-0.852996  -0.77404); parent q: (-0.748423 -0.944523)
q: (-0.748268  -1.00853); parent q: (-0.810933 -0.818601)
q: (-0.748268  -1.00853); parent q: (-0.810933 -0.818601)
q: (-0.748268  -1.00853); parent q: (-0.810933 -0.818601)
q: (-0.748268  -1.00853); parent q: (-0.810933 -0.818601)
q: (-0.748268  -1.00853); parent q: (-0.810933 -0.818601)
q: (-0.748268  -1.00853); parent q: (-0.810933 -0.818601)
q: (-0.748268  -1.00853); parent q: (-0.810933 -0.818601)
q: (-0.748268  -1.00853); parent q: (-0.810933 -0.818601)
q: (-0.748268  -1.00853); parent q: (-0.810933 -0.818601)
q: (-0.748268  -1.00853); parent q: (-0.810933 -0.818601)
q: (-0.748268  -1.00853); parent q: (-0.810933 -0.818601)
q: (-0.748268  -1.00853); parent q: (-0.810933 -0.818601)
q: (-0.748268  -1.00853); parent q: (-0.810933 -0.818601)
q: (-2.01957 -3.92631); parent q: (-1.81967 -3.91992)
q: (-0.348464  -2.90914); parent q: (-0.532056  -2.98847)
q: (-0.348464  -2.90914); parent q: (-0.532056  -2.98847)
q: (-0.532056  -2.98847); parent q: (-0.348464  -2.90914)
q: (-0.532056  -2.98847); parent q: (-0.348464  -2.90914)
q: (-0.532056  -2.98847); parent q: (-0.348464  -2.90914)
q: (-0.532056  -2.98847); parent q: (-0.348464  -2.90914)
q: (-0.532056  -2.98847); parent q: (-0.348464  -2.90914)
q: (-0.532056  -2.98847); parent q: (-0.348464  -2.90914)
q: (-0.532056  -2.98847); parent q: (-0.348464  -2.90914)
q: (-0.532056  -2.98847); parent q: (-0.348464  -2.90914)
q: (-0.532056  -2.98847); parent q: (-0.348464  -2.90914)
q: (-0.532056  -2.98847); parent q: (-0.348464  -2.90914)
q: (-0.532056  -2.98847); parent q: (-0.348464  -2.90914)
q: (-0.532056  -2.98847); parent q: (-0.348464  -2.90914)
q: (-0.532056  -2.98847); parent q: (-0.348464  -2.90914)
q: (-0.532056  -2.98847); parent q: (-0.348464  -2.90914)
q: (-0.532056  -2.98847); parent q: (-0.348464  -2.90914)
q: (-0.532056  -2.98847); parent q: (-0.348464  -2.90914)
q: (-0.532056  -2.98847); parent q: (-0.348464  -2.90914)
q: (-0.532056  -2.98847); parent q: (-0.348464  -2.90914)
q: (-2.18083 -4.04461); parent q: (-2.01957 -3.92631)
q: (-0.157321  -2.85028); parent q: (-0.348464  -2.90914)
q: (-0.157321  -2.85028); parent q: (-0.348464  -2.90914)
q: (-0.348463  -2.90914); parent q: (-0.157321  -2.85028)
q: (-0.348463  -2.90914); parent q: (-0.157321  -2.85028)
q: (-0.348463  -2.90914); parent q: (-0.157321  -2.85028)
q: (-0.348463  -2.90914); parent q: (-0.157321  -2.85028)
q: (-0.348463  -2.90914); parent q: (-0.157321  -2.85028)
q: (-0.348463  -2.90914); parent q: (-0.157321  -2.85028)
q: (-0.348463  -2.90914); parent q: (-0.157321  -2.85028)
q: (-0.348463  -2.90914); parent q: (-0.157321  -2.85028)
q: (-0.348463  -2.90914); parent q: (-0.157321  -2.85028)
q: (-0.348463  -2.90914); parent q: (-0.157321  -2.85028)
q: (-0.348463  -2.90914); parent q: (-0.157321  -2.85028)
q: (-0.348463  -2.90914); parent q: (-0.157321  -2.85028)
q: (-0.348463  -2.90914); parent q: (-0.157321  -2.85028)
q: (-0.348463  -2.90914); parent q: (-0.157321  -2.85028)
q: (-0.348463  -2.90914); parent q: (-0.157321  -2.85028)
q: (-0.348463  -2.90914); parent q: (-0.157321  -2.85028)
q: (-0.348463  -2.90914); parent q: (-0.157321  -2.85028)
q: (-0.348463  -2.90914); parent q: (-0.157321  -2.85028)
q: ( -1.02564 -0.673073); parent q: (-0.852996  -0.77404)
q: (-2.30981 -3.89175); parent q: (-2.18083 -4.04461)
q: (-2.30981 -3.89175); parent q: (-2.18083 -4.04461)
q: (-2.43879  -3.7389); parent q: (-2.30981 -3.89175)
q: (-2.43879  -3.7389); parent q: (-2.30981 -3.89175)
q: (-2.56777 -3.58605); parent q: (-2.43879  -3.7389)
q: (-2.56777 -3.58605); parent q: (-2.43879  -3.7389)
q: (-2.69674 -3.43319); parent q: (-2.56777 -3.58605)
q: (-2.69674 -3.43319); parent q: (-2.56777 -3.58605)
q: (-2.82572 -3.28034); parent q: (-2.69674 -3.43319)
q: (-2.82572 -3.28034); parent q: (-2.69674 -3.43319)
q: ( -2.9547 -3.12748); parent q: (-2.82572 -3.28034)
q: ( -2.9547 -3.12748); parent q: (-2.82572 -3.28034)
q: (-3.08368 -2.97463); parent q: ( -2.9547 -3.12748)
q: (-3.08368 -2.97463); parent q: ( -2.9547 -3.12748)
q: (-3.21266 -2.82177); parent q: (-3.08368 -2.97463)
q: (-3.21266 -2.82177); parent q: (-3.08368 -2.97463)
q: (-3.34164 -2.66892); parent q: (-3.21266 -2.82177)
q: (-3.34164 -2.66892); parent q: (-3.21266 -2.82177)
q: (-3.47062 -2.51606); parent q: (-3.34164 -2.66892)
q: (-3.47062 -2.51606); parent q: (-3.34164 -2.66892)
q: (-0.0961386   -3.04069); parent q: (-0.157321  -2.85028)
Path:
q: (-1.5708       0); parent q: NONE
q: ( -1.61567 -0.194901); parent q: (-1.5708       0)
q: ( -1.46295 -0.324043); parent q: ( -1.61567 -0.194901)
q: (-1.42563 -0.52053); parent q: ( -1.46295 -0.324043)
q: ( -1.45928 -0.717679); parent q: (-1.42563 -0.52053)
q: (-1.35577 -0.88881); parent q: ( -1.45928 -0.717679)
q: (-1.30494 -1.08224); parent q: (-1.35577 -0.88881)
q: (-1.22076 -1.26366); parent q: (-1.30494 -1.08224)
q: (-1.20334  -1.4629); parent q: (-1.22076 -1.26366)
q: (-1.11635   -1.643); parent q: (-1.20334  -1.4629)
q: (-1.10534 -1.84269); parent q: (-1.11635   -1.643)
q: (-1.06063 -2.03763); parent q: (-1.10534 -1.84269)
q: (-0.937795  -2.19547); parent q: (-1.06063 -2.03763)
q: (-0.912777   -2.3939); parent q: (-0.937795  -2.19547)
q: (-0.870799  -2.58944); parent q: (-0.912777   -2.3939)
q: (-0.725874  -2.72727); parent q: (-0.870799  -2.58944)
q: (-0.569324  -2.85174); parent q: (-0.725874  -2.72727)
q: (-0.382832  -2.92399); parent q: (-0.569324  -2.85174)
q: (-0.19293 -2.86125); parent q: (-0.382832  -2.92399)
q: (-0.0979836   -3.03727); parent q: (-0.19293 -2.86125)
q: (-0.0961386   -3.04069); parent q: (-0.157321  -2.85028)
q: (-0.157321  -2.85028); parent q: (-0.348464  -2.90914)
q: (-0.348464  -2.90914); parent q: (-0.532056  -2.98847)
q: (-0.532056  -2.98847); parent q: (-0.584648  -2.79551)
q: (-0.584648  -2.79551); parent q: (-0.63724 -2.60255)
q: (-0.63724 -2.60255); parent q: (-0.689831  -2.40959)
q: (-0.689831  -2.40959); parent q: (-0.591518  -2.23542)
q: (-0.591518  -2.23542); parent q: (-0.493204  -2.06125)
q: (-0.493204  -2.06125); parent q: (-0.39489 -1.88709)
q: (-0.39489 -1.88709); parent q: (-0.296577  -1.71292)
q: (-0.296577  -1.71292); parent q: (-0.198263  -1.53875)
q: (-0.198263  -1.53875); parent q: (-0.0999494   -1.36458)
q: (-0.0999494   -1.36458); parent q: (-0.0016357   -1.19041)
q: (-0.0016357   -1.19041); parent q: (0.096678 -1.01625)
q: (0.096678 -1.01625); parent q: ( 0.194992 -0.842079)
q: ( 0.194992 -0.842079); parent q: ( 0.293305 -0.667911)
q: ( 0.293305 -0.667911); parent q: (0.318228 -0.46947)
q: (0.318228 -0.46947); parent q: (0.343709  -0.2711)
q: (0.343709  -0.2711); parent q: (  0.373035 -0.0732615)
q: (  0.373035 -0.0732615); parent q: (  0.572662 -0.0610513)
q: (  0.572662 -0.0610513); parent q: ( 0.772289 -0.048841)
q: ( 0.772289 -0.048841); parent q: (  0.971916 -0.0366308)
q: (  0.971916 -0.0366308); parent q: (   1.17154 -0.0244205)
q: (   1.17154 -0.0244205); parent q: (   1.37117 -0.0122103)
q: (   1.37117 -0.0122103); parent q: (1.5708      0)
q: (1.5708      0); parent q: NONE
